<?xml version="1.0" encoding="UTF-8"?>
<!-- Generated by org.testng.reporters.JUnitXMLReporter -->
<testsuite ignored="0" hostname="LAPTOP-DCSLAHO4" failures="0" tests="9" name="Default test" time="17.588" errors="0" timestamp="2023-08-23T18:17:20 IST">
  <testcase classname="testClasses.HomePageContent" name="BrowserTablefield" time="0.119"/>
  <testcase classname="testClasses.HomePageContent" name="ImapctHeading_Txtfield" time="0.061"/>
  <testcase classname="testClasses.HomePageContent" name="IntroTxtfield" time="0.046"/>
  <testcase classname="testClasses.HomePageContent" name="MakeAnImpact_Txtfield" time="0.061"/>
  <testcase classname="testClasses.HomePageContent" name="ShowMoreLinkedTxt" time="0.038"/>
  <testcase classname="testClasses.HomePageContent" name="SimpleTxtfield" time="0.046"/>
  <testcase classname="testClasses.HomePageContent" name="WaterMark_Txtfield" time="0.056"/>
  <testcase classname="testClasses.HomePageContent" name="We_Rise_By_Lifting_Others_Field_Display" time="0.062"/>
  <testcase classname="testClasses.HomePageContent" name="signoutBtn2field" time="0.035"/>
</testsuite> <!-- Default test -->
