<?xml version="1.0" encoding="UTF-8"?>
<!-- Generated by org.testng.reporters.JUnitXMLReporter -->
<testsuite ignored="0" hostname="LAPTOP-DCSLAHO4" failures="0" tests="31" name="Test" time="266.989" errors="0" timestamp="2023-08-23T18:23:15 IST">
  <testcase classname="testClasses.SignUpPageTest" name="UserLogout" time="15.475"/>
  <testcase classname="testClasses.SignUpPageTest" name="UserRegister" time="9.906"/>
  <testcase classname="testClasses.SignUpPageTest" name="NameFieldVisibility" time="2.463"/>
  <testcase classname="testClasses.SignUpPageTest" name="EmailFieldVisibility" time="2.427"/>
  <testcase classname="testClasses.SignUpPageTest" name="PasswordFieldVisibility" time="2.419"/>
  <testcase classname="testClasses.SignUpPageTest" name="CofirmPassfieldVisibility" time="2.454"/>
  <testcase classname="testClasses.SignUpPageTest" name="RegisterBtnVisibility" time="2.275"/>
  <testcase classname="testClasses.HomePageContent" name="BrowserTablefield" time="0.024"/>
  <testcase classname="testClasses.HomePageContent" name="ImapctHeading_Txtfield" time="0.019"/>
  <testcase classname="testClasses.HomePageContent" name="IntroTxtfield" time="0.019"/>
  <testcase classname="testClasses.HomePageContent" name="MakeAnImpact_Txtfield" time="0.035"/>
  <testcase classname="testClasses.HomePageContent" name="ShowMoreLinkedTxt" time="0.018"/>
  <testcase classname="testClasses.HomePageContent" name="SimpleTxtfield" time="0.019"/>
  <testcase classname="testClasses.HomePageContent" name="WaterMark_Txtfield" time="0.015"/>
  <testcase classname="testClasses.HomePageContent" name="We_Rise_By_Lifting_Others_Field_Display" time="0.014"/>
  <testcase classname="testClasses.HomePageContent" name="signoutBtn2field" time="0.015"/>
  <testcase classname="testClasses.LoginTestClass" name="ForgotPasstab" time="2.529"/>
  <testcase classname="testClasses.LoginTestClass" name="LoginBtndVisibility" time="2.294"/>
  <testcase classname="testClasses.LoginTestClass" name="PasswordfieldVisibility" time="2.255"/>
  <testcase classname="testClasses.LoginTestClass" name="UserRegister" time="8.018"/>
  <testcase classname="testClasses.LoginTestClass" name="UsernamefieldVisibility" time="2.244"/>
  <testcase classname="testClasses.HomePageHeader" name="AboutUsNavClick" time="2.072"/>
  <testcase classname="testClasses.HomePageHeader" name="Aboutus" time="0.018"/>
  <testcase classname="testClasses.HomePageHeader" name="HowItWorks" time="0.017"/>
  <testcase classname="testClasses.HomePageHeader" name="HowItWorksNavClick" time="2.244"/>
  <testcase classname="testClasses.HomePageHeader" name="Impact" time="0.029"/>
  <testcase classname="testClasses.HomePageHeader" name="ImpactNavClick" time="2.036"/>
  <testcase classname="testClasses.HomePageHeader" name="LoginBtnClick" time="2.249"/>
  <testcase classname="testClasses.HomePageHeader" name="Loginvisibility" time="0.025"/>
  <testcase classname="testClasses.HomePageHeader" name="Logo" time="0.014"/>
  <testcase classname="testClasses.HomePageHeader" name="signupClick" time="2.235"/>
</testsuite> <!-- Test -->
