<?xml version="1.0" encoding="UTF-8"?>
<testng-results ignored="0" total="1" passed="1" failed="0" skipped="0">
  <reporter-output>
    <line>
      <![CDATA[F1]]>
    </line>
  </reporter-output>
  <suite started-at="2023-08-22T18:33:59 IST" name="Suite" finished-at="2023-08-22T18:34:26 IST" duration-ms="26631">
    <groups>
    </groups>
    <test started-at="2023-08-22T18:33:59 IST" name="Test" finished-at="2023-08-22T18:34:26 IST" duration-ms="26631">
      <class name="testClasses.HomePage">
        <test-method is-config="true" signature="Launch()[pri:0, instance:testClasses.HomePage@6221a451]" started-at="2023-08-22T18:33:59 IST" name="Launch" finished-at="2023-08-22T18:34:21 IST" duration-ms="21547" status="PASS">
          <reporter-output>
          </reporter-output>
        </test-method> <!-- Launch -->
        <test-method signature="f1()[pri:0, instance:testClasses.HomePage@6221a451]" started-at="2023-08-22T18:34:21 IST" name="f1" finished-at="2023-08-22T18:34:26 IST" duration-ms="5017" status="PASS">
          <reporter-output>
            <line>
              <![CDATA[F1]]>
            </line>
          </reporter-output>
        </test-method> <!-- f1 -->
      </class> <!-- testClasses.HomePage -->
    </test> <!-- Test -->
  </suite> <!-- Suite -->
</testng-results>
