<?xml version="1.0" encoding="UTF-8"?>
<testng-results ignored="0" total="1" passed="1" failed="0" skipped="0">
  <reporter-output>
    <line>
      <![CDATA[F1]]>
    </line>
  </reporter-output>
  <suite started-at="2023-08-22T17:51:24 IST" name="Default suite" finished-at="2023-08-22T17:51:43 IST" duration-ms="18296">
    <groups>
    </groups>
    <test started-at="2023-08-22T17:51:24 IST" name="Default test" finished-at="2023-08-22T17:51:43 IST" duration-ms="18296">
      <class name="testClasses.HomePage">
        <test-method is-config="true" signature="Launch()[pri:0, instance:testClasses.HomePage@4a83a74a]" started-at="2023-08-22T17:51:24 IST" name="Launch" finished-at="2023-08-22T17:51:37 IST" duration-ms="13187" status="PASS">
          <reporter-output>
          </reporter-output>
        </test-method> <!-- Launch -->
        <test-method signature="f1()[pri:0, instance:testClasses.HomePage@4a83a74a]" started-at="2023-08-22T17:51:37 IST" name="f1" finished-at="2023-08-22T17:51:42 IST" duration-ms="5028" status="PASS">
          <reporter-output>
            <line>
              <![CDATA[F1]]>
            </line>
          </reporter-output>
        </test-method> <!-- f1 -->
      </class> <!-- testClasses.HomePage -->
    </test> <!-- Default test -->
  </suite> <!-- Default suite -->
</testng-results>
